{
  "RSpec": {
    "coverage": {
      "/home/caitlinhinshaw/tic-tac-toe-rb-online-web-sp-000/lib/tic_tac_toe.rb": [
        null,
        1,
        null,
        null,
        null,
        null,
        null,
        null,
        null,
        null,
        null,
        1,
        25,
        25,
        25,
        25,
        25,
        null,
        null,
        1,
        24,
        null,
        null,
        1,
        23,
        null,
        null,
        1,
        780,
        null,
        null,
        1,
        24,
        21,
        null,
        null,
        null,
        1,
        21,
        21,
        21,
        21,
        20,
        20,
        null,
        1,
        null,
        null,
        null,
        1,
        22,
        22,
        198,
        32,
        null,
        null,
        22,
        null,
        null,
        1,
        21,
        null,
        null,
        1,
        52,
        326,
        752,
        null,
        153,
        null,
        null,
        null,
        null,
        1,
        25,
        129,
        null,
        null,
        null,
        1,
        24,
        null,
        null,
        1,
        22,
        null,
        null,
        1,
        7,
        6,
        null,
        null,
        null,
        1,
        12,
        18,
        null,
        12,
        5,
        7,
        3,
        null,
        null
      ]
    },
    "timestamp": 1582424044
  }
}
