{
  "RSpec": {
    "coverage": {
      "/home/caitlinhinshaw/tic-tac-toe-rb-online-web-sp-000/lib/tic_tac_toe.rb": [
        null,
        1,
        null,
        null,
        null,
        null,
        null,
        null,
        null,
        null,
        null,
        1,
        21,
        21,
        21,
        21,
        21,
        null,
        null,
        1,
        20,
        null,
        null,
        1,
        19,
        null,
        null,
        1,
        615,
        null,
        null,
        1,
        20,
        17,
        null,
        null,
        null,
        1,
        17,
        17,
        17,
        17,
        16,
        16,
        null,
        1,
        null,
        null,
        null,
        1,
        2,
        2,
        18,
        5,
        null,
        null,
        2,
        null,
        null,
        1,
        1,
        null,
        null,
        1,
        50,
        261,
        591,
        null,
        138,
        null,
        null,
        null,
        null,
        1,
        20,
        103,
        null,
        null,
        null,
        1,
        19,
        null,
        null,
        1,
        18,
        null,
        null,
        1,
        8,
        7,
        null,
        null,
        null,
        1,
        12,
        14,
        null,
        12,
        6,
        6,
        3,
        null,
        null
      ]
    },
    "timestamp": 1582423864
  }
}
